# JRE version: Java(TM) SE Runtime Environment (15.0.2+7) (build 15.0.2+7-27)
# Java VM: Java HotSpot(TM) 64-Bit Server VM (15.0.2+7-27, mixed mode, sharing, tiered, compressed oops, g1 gc, windows-amd64)
GC Precious Log:
 CPUs: 4 total, 4 available
 Memory: 16248M
 Large Page Support: Disabled
 NUMA Support: Disabled
 Compressed Oops: Enabled (Zero based)
 Heap Region Size: 2M
 Heap Min Capacity: 8M
 Heap Initial Capacity: 254M
 Heap Max Capacity: 4064M
 Pre-touch: Disabled
 Parallel Workers: 4
 Concurrent Workers: 1
 Concurrent Refinement Workers: 4
 Periodic GC: Disabled
Heap:
 garbage-first heap   total 479232K, used 277974K [0x0000000702000000, 0x0000000800000000)
  region size 2048K, 123 young (251904K), 2 survivors (4096K)
 Metaspace       used 23057K, capacity 23405K, committed 23600K, reserved 1071104K
  class space    used 2671K, capacity 2823K, committed 2944K, reserved 1048576K
GC Heap History (20 events):
Event: 64.872 GC heap before
{Heap before GC invocations=90 (full 0):
 garbage-first heap   total 479232K, used 311704K [0x0000000702000000, 0x0000000800000000)
  region size 2048K, 140 young (286720K), 4 survivors (8192K)
 Metaspace       used 23057K, capacity 23405K, committed 23600K, reserved 1071104K
  class space    used 2671K, capacity 2823K, committed 2944K, reserved 1048576K
}
Event: 64.883 GC heap after
{Heap after GC invocations=91 (full 0):
 garbage-first heap   total 479232K, used 32729K [0x0000000702000000, 0x0000000800000000)
  region size 2048K, 4 young (8192K), 4 survivors (8192K)
 Metaspace       used 23057K, capacity 23405K, committed 23600K, reserved 1071104K
  class space    used 2671K, capacity 2823K, committed 2944K, reserved 1048576K
}
Event: 65.568 GC heap before
{Heap before GC invocations=91 (full 0):
 garbage-first heap   total 479232K, used 311257K [0x0000000702000000, 0x0000000800000000)
  region size 2048K, 140 young (286720K), 4 survivors (8192K)
 Metaspace       used 23057K, capacity 23405K, committed 23600K, reserved 1071104K
  class space    used 2671K, capacity 2823K, committed 2944K, reserved 1048576K
}
Event: 65.578 GC heap after
{Heap after GC invocations=92 (full 0):
 garbage-first heap   total 479232K, used 31731K [0x0000000702000000, 0x0000000800000000)
  region size 2048K, 3 young (6144K), 3 survivors (6144K)
 Metaspace       used 23057K, capacity 23405K, committed 23600K, reserved 1071104K
  class space    used 2671K, capacity 2823K, committed 2944K, reserved 1048576K
}
Event: 66.360 GC heap before
{Heap before GC invocations=92 (full 0):
 garbage-first heap   total 479232K, used 312307K [0x0000000702000000, 0x0000000800000000)
  region size 2048K, 140 young (286720K), 3 survivors (6144K)
 Metaspace       used 23057K, capacity 23405K, committed 23600K, reserved 1071104K
  class space    used 2671K, capacity 2823K, committed 2944K, reserved 1048576K
}
Event: 66.370 GC heap after
{Heap after GC invocations=93 (full 0):
 garbage-first heap   total 479232K, used 31885K [0x0000000702000000, 0x0000000800000000)
  region size 2048K, 3 young (6144K), 3 survivors (6144K)
 Metaspace       used 23057K, capacity 23405K, committed 23600K, reserved 1071104K
  class space    used 2671K, capacity 2823K, committed 2944K, reserved 1048576K
}
Event: 67.013 GC heap before
{Heap before GC invocations=93 (full 0):
 garbage-first heap   total 479232K, used 312461K [0x0000000702000000, 0x0000000800000000)
  region size 2048K, 140 young (286720K), 3 survivors (6144K)
 Metaspace       used 23057K, capacity 23405K, committed 23600K, reserved 1071104K
  class space    used 2671K, capacity 2823K, committed 2944K, reserved 1048576K
}
Event: 67.023 GC heap after
{Heap after GC invocations=94 (full 0):
 garbage-first heap   total 479232K, used 32245K [0x0000000702000000, 0x0000000800000000)
  region size 2048K, 2 young (4096K), 2 survivors (4096K)
 Metaspace       used 23057K, capacity 23405K, committed 23600K, reserved 1071104K
  class space    used 2671K, capacity 2823K, committed 2944K, reserved 1048576K
}
Event: 67.746 GC heap before
{Heap before GC invocations=94 (full 0):
 garbage-first heap   total 479232K, used 314869K [0x0000000702000000, 0x0000000800000000)
  region size 2048K, 140 young (286720K), 2 survivors (4096K)
 Metaspace       used 23057K, capacity 23405K, committed 23600K, reserved 1071104K
  class space    used 2671K, capacity 2823K, committed 2944K, reserved 1048576K
}
Event: 67.752 GC heap after
{Heap after GC invocations=95 (full 0):
 garbage-first heap   total 479232K, used 31923K [0x0000000702000000, 0x0000000800000000)
  region size 2048K, 2 young (4096K), 2 survivors (4096K)
 Metaspace       used 23057K, capacity 23405K, committed 23600K, reserved 1071104K
  class space    used 2671K, capacity 2823K, committed 2944K, reserved 1048576K
}
Event: 68.442 GC heap before
{Heap before GC invocations=95 (full 0):
 garbage-first heap   total 479232K, used 314547K [0x0000000702000000, 0x0000000800000000)
  region size 2048K, 140 young (286720K), 2 survivors (4096K)
 Metaspace       used 23057K, capacity 23405K, committed 23600K, reserved 1071104K
  class space    used 2671K, capacity 2823K, committed 2944K, reserved 1048576K
}
Event: 68.449 GC heap after
{Heap after GC invocations=96 (full 0):
 garbage-first heap   total 479232K, used 32480K [0x0000000702000000, 0x0000000800000000)
  region size 2048K, 2 young (4096K), 2 survivors (4096K)
 Metaspace       used 23057K, capacity 23405K, committed 23600K, reserved 1071104K
  class space    used 2671K, capacity 2823K, committed 2944K, reserved 1048576K
}
Event: 69.242 GC heap before
{Heap before GC invocations=96 (full 0):
 garbage-first heap   total 479232K, used 315104K [0x0000000702000000, 0x0000000800000000)
  region size 2048K, 140 young (286720K), 2 survivors (4096K)
 Metaspace       used 23057K, capacity 23405K, committed 23600K, reserved 1071104K
  class space    used 2671K, capacity 2823K, committed 2944K, reserved 1048576K
}
Event: 69.249 GC heap after
{Heap after GC invocations=97 (full 0):
 garbage-first heap   total 479232K, used 32492K [0x0000000702000000, 0x0000000800000000)
  region size 2048K, 2 young (4096K), 2 survivors (4096K)
 Metaspace       used 23057K, capacity 23405K, committed 23600K, reserved 1071104K
  class space    used 2671K, capacity 2823K, committed 2944K, reserved 1048576K
}
Event: 69.905 GC heap before
{Heap before GC invocations=97 (full 0):
 garbage-first heap   total 479232K, used 315116K [0x0000000702000000, 0x0000000800000000)
  region size 2048K, 140 young (286720K), 2 survivors (4096K)
 Metaspace       used 23057K, capacity 23405K, committed 23600K, reserved 1071104K
  class space    used 2671K, capacity 2823K, committed 2944K, reserved 1048576K
}
Event: 69.913 GC heap after
{Heap after GC invocations=98 (full 0):
 garbage-first heap   total 479232K, used 32679K [0x0000000702000000, 0x0000000800000000)
  region size 2048K, 2 young (4096K), 2 survivors (4096K)
 Metaspace       used 23057K, capacity 23405K, committed 23600K, reserved 1071104K
  class space    used 2671K, capacity 2823K, committed 2944K, reserved 1048576K
}
Event: 70.612 GC heap before
{Heap before GC invocations=98 (full 0):
 garbage-first heap   total 479232K, used 315303K [0x0000000702000000, 0x0000000800000000)
  region size 2048K, 140 young (286720K), 2 survivors (4096K)
 Metaspace       used 23057K, capacity 23405K, committed 23600K, reserved 1071104K
  class space    used 2671K, capacity 2823K, committed 2944K, reserved 1048576K
}
Event: 70.619 GC heap after
{Heap after GC invocations=99 (full 0):
 garbage-first heap   total 479232K, used 32544K [0x0000000702000000, 0x0000000800000000)
  region size 2048K, 2 young (4096K), 2 survivors (4096K)
 Metaspace       used 23057K, capacity 23405K, committed 23600K, reserved 1071104K
  class space    used 2671K, capacity 2823K, committed 2944K, reserved 1048576K
}
Event: 71.316 GC heap before
{Heap before GC invocations=99 (full 0):
 garbage-first heap   total 479232K, used 315168K [0x0000000702000000, 0x0000000800000000)
  region size 2048K, 140 young (286720K), 2 survivors (4096K)
 Metaspace       used 23057K, capacity 23405K, committed 23600K, reserved 1071104K
  class space    used 2671K, capacity 2823K, committed 2944K, reserved 1048576K
}
Event: 71.325 GC heap after
{Heap after GC invocations=100 (full 0):
 garbage-first heap   total 479232K, used 32214K [0x0000000702000000, 0x0000000800000000)
  region size 2048K, 2 young (4096K), 2 survivors (4096K)
 Metaspace       used 23057K, capacity 23405K, committed 23600K, reserved 1071104K
  class space    used 2671K, capacity 2823K, committed 2944K, reserved 1048576K
}

